<?xml version='1.0' encoding='UTF-8'?>
<testsuite hostname="Mo.local" name="RobotNameSpecs" tests="5" errors="0" failures="1" skipped="4" time="0.371" timestamp="2019-06-29T11:41:29">
                     <properties>
      <property name="jline.esc.timeout" value="0"/><property name="jna.platform.library.path" value="/usr/lib:/usr/lib"/><property name="java.runtime.name" value="Java(TM) SE Runtime Environment"/><property name="sun.boot.library.path" value="/Library/Java/JavaVirtualMachines/jdk1.8.0_121.jdk/Contents/Home/jre/lib"/><property name="java.vm.version" value="25.121-b13"/><property name="gopherProxySet" value="false"/><property name="java.vm.vendor" value="Oracle Corporation"/><property name="java.vendor.url" value="http://java.oracle.com/"/><property name="path.separator" value=":"/><property name="jna.loaded" value="true"/><property name="java.vm.name" value="Java HotSpot(TM) 64-Bit Server VM"/><property name="file.encoding.pkg" value="sun.io"/><property name="user.country" value="US"/><property name="sun.java.launcher" value="SUN_STANDARD"/><property name="sun.os.patch.level" value="unknown"/><property name="jna.nosys" value="true"/><property name="java.vm.specification.name" value="Java Virtual Machine Specification"/><property name="user.dir" value="/Users/mo/development/problemSolving/exercism/scala/robot-name"/><property name="java.runtime.version" value="1.8.0_121-b13"/><property name="java.awt.graphicsenv" value="sun.awt.CGraphicsEnvironment"/><property name="java.endorsed.dirs" value="/Library/Java/JavaVirtualMachines/jdk1.8.0_121.jdk/Contents/Home/jre/lib/endorsed"/><property name="os.arch" value="x86_64"/><property name="java.io.tmpdir" value="/var/folders/m_/b6z75xr947z_8khcjg6sgxwm0000gn/T/"/><property name="line.separator" value="
"/><property name="java.vm.specification.vendor" value="Oracle Corporation"/><property name="os.name" value="Mac OS X"/><property name="sun.jnu.encoding" value="UTF-8"/><property name="jnidispatch.path" value="/var/folders/m_/b6z75xr947z_8khcjg6sgxwm0000gn/T/jna-2498/jna6334816632100692955.tmp"/><property name="java.library.path" value="/Users/mo/Library/Java/Extensions:/Library/Java/Extensions:/Network/Library/Java/Extensions:/System/Library/Java/Extensions:/usr/lib/java:."/><property name="java.specification.name" value="Java Platform API Specification"/><property name="java.class.version" value="52.0"/><property name="sun.management.compiler" value="HotSpot 64-Bit Tiered Compilers"/><property name="os.version" value="10.14.5"/><property name="http.nonProxyHosts" value="local|*.local|169.254/16|*.169.254/16"/><property name="user.home" value="/Users/mo"/><property name="user.timezone" value="Africa/Cairo"/><property name="java.awt.printerjob" value="sun.lwawt.macosx.CPrinterJob"/><property name="file.encoding" value="UTF-8"/><property name="java.specification.version" value="1.8"/><property name="java.class.path" value="/usr/local/Cellar/sbt/1.2.8/libexec/bin/sbt-launch.jar"/><property name="user.name" value="Mo"/><property name="jline.shutdownhook" value="false"/><property name="java.vm.specification.version" value="1.8"/><property name="sun.java.command" value="/usr/local/Cellar/sbt/1.2.8/libexec/bin/sbt-launch.jar test"/><property name="java.home" value="/Library/Java/JavaVirtualMachines/jdk1.8.0_121.jdk/Contents/Home/jre"/><property name="sun.arch.data.model" value="64"/><property name="user.language" value="en"/><property name="java.specification.vendor" value="Oracle Corporation"/><property name="awt.toolkit" value="sun.lwawt.macosx.LWCToolkit"/><property name="java.vm.info" value="mixed mode"/><property name="java.version" value="1.8.0_121"/><property name="java.ext.dirs" value="/Users/mo/Library/Java/Extensions:/Library/Java/JavaVirtualMachines/jdk1.8.0_121.jdk/Contents/Home/jre/lib/ext:/Library/Java/Extensions:/Network/Library/Java/Extensions:/System/Library/Java/Extensions:/usr/lib/java"/><property name="sun.boot.class.path" value="/Library/Java/JavaVirtualMachines/jdk1.8.0_121.jdk/Contents/Home/jre/lib/resources.jar:/Library/Java/JavaVirtualMachines/jdk1.8.0_121.jdk/Contents/Home/jre/lib/rt.jar:/Library/Java/JavaVirtualMachines/jdk1.8.0_121.jdk/Contents/Home/jre/lib/sunrsasign.jar:/Library/Java/JavaVirtualMachines/jdk1.8.0_121.jdk/Contents/Home/jre/lib/jsse.jar:/Library/Java/JavaVirtualMachines/jdk1.8.0_121.jdk/Contents/Home/jre/lib/jce.jar:/Library/Java/JavaVirtualMachines/jdk1.8.0_121.jdk/Contents/Home/jre/lib/charsets.jar:/Library/Java/JavaVirtualMachines/jdk1.8.0_121.jdk/Contents/Home/jre/lib/jfr.jar:/Library/Java/JavaVirtualMachines/jdk1.8.0_121.jdk/Contents/Home/jre/classes"/><property name="java.vendor" value="Oracle Corporation"/><property name="file.separator" value="/"/><property name="java.vendor.url.bug" value="http://bugreport.sun.com/bugreport/"/><property name="sun.io.unicode.encoding" value="UnicodeBig"/><property name="sun.cpu.endian" value="little"/><property name="socksNonProxyHosts" value="local|*.local|169.254/16|*.169.254/16"/><property name="ftp.nonProxyHosts" value="local|*.local|169.254/16|*.169.254/16"/><property name="sun.cpu.isalist" value=""/>
    </properties>
                     <testcase classname="RobotNameSpecs" name="has a name" time="0.37">
                                                 <failure message="&quot;YA27&quot; did not fully match the regular expression [A-Z]{2}\d{3}" type="org.scalatest.exceptions.TestFailedException">org.scalatest.exceptions.TestFailedException: &quot;YA27&quot; did not fully match the regular expression [A-Z]{2}\d{3}
	at org.scalatest.MatchersHelper$.indicateFailure(MatchersHelper.scala:340)
	at org.scalatest.Matchers$ResultOfFullyMatchWordForString.regex(Matchers.scala:2354)
	at org.scalatest.Matchers$ResultOfFullyMatchWordForString.regex(Matchers.scala:2327)
	at RobotNameSpecs.$anonfun$new$1(RobotNameTest.scala:10)
	at org.scalatest.OutcomeOf.outcomeOf(OutcomeOf.scala:85)
	at org.scalatest.OutcomeOf.outcomeOf$(OutcomeOf.scala:83)
	at org.scalatest.OutcomeOf$.outcomeOf(OutcomeOf.scala:104)
	at org.scalatest.Transformer.apply(Transformer.scala:22)
	at org.scalatest.Transformer.apply(Transformer.scala:20)
	at org.scalatest.FunSpecLike$$anon$1.apply(FunSpecLike.scala:454)
	at org.scalatest.TestSuite.withFixture(TestSuite.scala:196)
	at org.scalatest.TestSuite.withFixture$(TestSuite.scala:195)
	at org.scalatest.FunSpec.withFixture(FunSpec.scala:1630)
	at org.scalatest.FunSpecLike.invokeWithFixture$1(FunSpecLike.scala:452)
	at org.scalatest.FunSpecLike.$anonfun$runTest$1(FunSpecLike.scala:464)
	at org.scalatest.SuperEngine.runTestImpl(Engine.scala:289)
	at org.scalatest.FunSpecLike.runTest(FunSpecLike.scala:464)
	at org.scalatest.FunSpecLike.runTest$(FunSpecLike.scala:446)
	at org.scalatest.FunSpec.runTest(FunSpec.scala:1630)
	at org.scalatest.FunSpecLike.$anonfun$runTests$1(FunSpecLike.scala:497)
	at org.scalatest.SuperEngine.$anonfun$runTestsInBranch$1(Engine.scala:396)
	at scala.collection.immutable.List.foreach(List.scala:378)
	at org.scalatest.SuperEngine.traverseSubNodes$1(Engine.scala:384)
	at org.scalatest.SuperEngine.runTestsInBranch(Engine.scala:379)
	at org.scalatest.SuperEngine.runTestsImpl(Engine.scala:461)
	at org.scalatest.FunSpecLike.runTests(FunSpecLike.scala:497)
	at org.scalatest.FunSpecLike.runTests$(FunSpecLike.scala:496)
	at org.scalatest.FunSpec.runTests(FunSpec.scala:1630)
	at org.scalatest.Suite.run(Suite.scala:1147)
	at org.scalatest.Suite.run$(Suite.scala:1129)
	at org.scalatest.FunSpec.org$scalatest$FunSpecLike$$super$run(FunSpec.scala:1630)
	at org.scalatest.FunSpecLike.$anonfun$run$1(FunSpecLike.scala:501)
	at org.scalatest.SuperEngine.runImpl(Engine.scala:521)
	at org.scalatest.FunSpecLike.run(FunSpecLike.scala:501)
	at org.scalatest.FunSpecLike.run$(FunSpecLike.scala:500)
	at org.scalatest.FunSpec.run(FunSpec.scala:1630)
	at org.scalatest.tools.Framework.org$scalatest$tools$Framework$$runSuite(Framework.scala:314)
	at org.scalatest.tools.Framework$ScalaTestTask.execute(Framework.scala:507)
	at sbt.TestRunner.runTest$1(TestFramework.scala:113)
	at sbt.TestRunner.run(TestFramework.scala:124)
	at sbt.TestFramework$$anon$2$$anonfun$$lessinit$greater$1.$anonfun$apply$1(TestFramework.scala:282)
	at sbt.TestFramework$.sbt$TestFramework$$withContextLoader(TestFramework.scala:246)
	at sbt.TestFramework$$anon$2$$anonfun$$lessinit$greater$1.apply(TestFramework.scala:282)
	at sbt.TestFramework$$anon$2$$anonfun$$lessinit$greater$1.apply(TestFramework.scala:282)
	at sbt.TestFunction.apply(TestFramework.scala:294)
	at sbt.Tests$.$anonfun$toTask$1(Tests.scala:309)
	at sbt.std.Transform$$anon$3.$anonfun$apply$2(System.scala:46)
	at sbt.std.Transform$$anon$4.work(System.scala:67)
	at sbt.Execute.$anonfun$submit$2(Execute.scala:269)
	at sbt.internal.util.ErrorHandling$.wideConvert(ErrorHandling.scala:16)
	at sbt.Execute.work(Execute.scala:278)
	at sbt.Execute.$anonfun$submit$1(Execute.scala:269)
	at sbt.ConcurrentRestrictions$$anon$4.$anonfun$submitValid$1(ConcurrentRestrictions.scala:178)
	at sbt.CompletionService$$anon$2.call(CompletionService.scala:37)
	at java.util.concurrent.FutureTask.run(FutureTask.java:266)
	at java.util.concurrent.Executors$RunnableAdapter.call(Executors.java:511)
	at java.util.concurrent.FutureTask.run(FutureTask.java:266)
	at java.util.concurrent.ThreadPoolExecutor.runWorker(ThreadPoolExecutor.java:1142)
	at java.util.concurrent.ThreadPoolExecutor$Worker.run(ThreadPoolExecutor.java:617)
	at java.lang.Thread.run(Thread.java:745)
</failure>
                                               </testcase><testcase classname="RobotNameSpecs" name="does not change its name" time="0.001">
                                                 <skipped/>
                                               </testcase><testcase classname="RobotNameSpecs" name="does not have the same name as other robots" time="0.0">
                                                 <skipped/>
                                               </testcase><testcase classname="RobotNameSpecs" name="can have its name reset" time="0.001">
                                                 <skipped/>
                                               </testcase><testcase classname="RobotNameSpecs" name="a large number of new instances have unique names" time="-0.001">
                                                 <skipped/>
                                               </testcase>
                     <system-out><![CDATA[]]></system-out>
                     <system-err><![CDATA[]]></system-err>
                   </testsuite>